<?xml version="1.0" encoding="UTF-8"?>
<!-- Generated by org.testng.reporters.JUnitXMLReporter -->
<testsuite ignored="0" hostname="DESKTOP-E3LC8FD" failures="0" tests="3" name="Test" time="27.683" errors="0" timestamp="2025-02-15T21:59:35 IST">
  <testcase classname="com.automation.testcases.T0001_LogintoApplication" name="loginApp" time="2.708"/>
  <testcase classname="com.automation.testcases.T0003_SelectandDeselectItems" name="deSelect" time="3.456"/>
  <testcase classname="com.automation.testcases.T0002_MultiSelection" name="loginApp" time="3.026"/>
</testsuite> <!-- Test -->
