<?xml version="1.0" encoding="UTF-8"?>
<!-- Generated by org.testng.reporters.JUnitXMLReporter -->
<testsuite ignored="0" hostname="DESKTOP-E3LC8FD" failures="2" tests="8" name="Test" time="57.051" errors="0" timestamp="2025-02-19T21:35:03 IST">
  <testcase classname="com.automation.testcases.T0004_MultiLogin" name="multiLogin" time="1.993"/>
  <testcase classname="com.automation.testcases.T0004_MultiLogin" name="multiLogin" time="1.135"/>
  <testcase classname="com.automation.testcases.T0004_MultiLogin" name="multiLogin" time="6.221"/>
  <testcase classname="com.automation.testcases.T0004_MultiLogin" name="multiLogin" time="1.439"/>
  <testcase classname="com.automation.testcases.T0004_MultiLogin" name="multiLogin" time="1.367"/>
  <testcase classname="com.automation.testcases.T0001_LogintoApplication" name="loginApp" time="3.479"/>
  <testcase classname="com.automation.testcases.T0003_SelectandDeselectItems" name="deSelect" time="1.133">
    <failure type="java.lang.AssertionError">
      <![CDATA[java.lang.AssertionError: 
at com.automation.testcases.T0003_SelectandDeselectItems.deSelect(T0003_SelectandDeselectItems.java:57)
at java.base/java.util.ArrayList.forEach(ArrayList.java:1511)
... Removed 29 stack frames]]>
    </failure>
  </testcase> <!-- deSelect -->
  <testcase classname="com.automation.testcases.T0002_MultiSelection" name="loginApp" time="1.328">
    <failure type="java.lang.AssertionError">
      <![CDATA[java.lang.AssertionError: 
at com.automation.testcases.T0002_MultiSelection.loginApp(T0002_MultiSelection.java:54)
at java.base/java.util.ArrayList.forEach(ArrayList.java:1511)
... Removed 29 stack frames]]>
    </failure>
  </testcase> <!-- loginApp -->
</testsuite> <!-- Test -->
