<?xml version="1.0" encoding="UTF-8"?>
<testng-results ignored="0" total="3" passed="3" failed="0" skipped="0">
  <reporter-output>
  </reporter-output>
  <suite started-at="2025-02-06T23:05:11 IST" name="Suite" finished-at="2025-02-06T23:05:39 IST" duration-ms="28178">
    <groups>
    </groups>
    <test started-at="2025-02-06T23:05:11 IST" name="Test" finished-at="2025-02-06T23:05:39 IST" duration-ms="28178">
      <class name="com.automation.testcases.T0001_LogintoApplication">
        <test-method is-config="true" signature="setup()[pri:0, instance:com.automation.testcases.T0001_LogintoApplication@d737b89]" started-at="2025-02-06T23:05:11 IST" name="setup" finished-at="2025-02-06T23:05:19 IST" duration-ms="8105" status="PASS">
          <reporter-output>
          </reporter-output>
        </test-method> <!-- setup -->
        <test-method signature="loginApp()[pri:0, instance:com.automation.testcases.T0001_LogintoApplication@d737b89]" started-at="2025-02-06T23:05:19 IST" name="loginApp" finished-at="2025-02-06T23:05:22 IST" duration-ms="2710" status="PASS">
          <reporter-output>
          </reporter-output>
        </test-method> <!-- loginApp -->
        <test-method is-config="true" signature="tearDown()[pri:0, instance:com.automation.testcases.T0001_LogintoApplication@d737b89]" started-at="2025-02-06T23:05:22 IST" name="tearDown" finished-at="2025-02-06T23:05:23 IST" duration-ms="1571" status="PASS">
          <reporter-output>
          </reporter-output>
        </test-method> <!-- tearDown -->
      </class> <!-- com.automation.testcases.T0001_LogintoApplication -->
      <class name="com.automation.testcases.T0003_SelectandDeselectItems">
        <test-method is-config="true" signature="setup()[pri:0, instance:com.automation.testcases.T0003_SelectandDeselectItems@5f049ea1]" started-at="2025-02-06T23:05:23 IST" name="setup" finished-at="2025-02-06T23:05:27 IST" duration-ms="3255" status="PASS">
          <reporter-output>
          </reporter-output>
        </test-method> <!-- setup -->
        <test-method signature="deSelect()[pri:0, instance:com.automation.testcases.T0003_SelectandDeselectItems@5f049ea1]" started-at="2025-02-06T23:05:27 IST" name="deSelect" finished-at="2025-02-06T23:05:30 IST" duration-ms="3296" status="PASS">
          <reporter-output>
          </reporter-output>
        </test-method> <!-- deSelect -->
        <test-method is-config="true" signature="tearDown()[pri:0, instance:com.automation.testcases.T0003_SelectandDeselectItems@5f049ea1]" started-at="2025-02-06T23:05:30 IST" name="tearDown" finished-at="2025-02-06T23:05:31 IST" duration-ms="1535" status="PASS">
          <reporter-output>
          </reporter-output>
        </test-method> <!-- tearDown -->
      </class> <!-- com.automation.testcases.T0003_SelectandDeselectItems -->
      <class name="com.automation.testcases.T0002_MultiSelection">
        <test-method is-config="true" signature="setup()[pri:0, instance:com.automation.testcases.T0002_MultiSelection@72cc7e6f]" started-at="2025-02-06T23:05:31 IST" name="setup" finished-at="2025-02-06T23:05:35 IST" duration-ms="3158" status="PASS">
          <reporter-output>
          </reporter-output>
        </test-method> <!-- setup -->
        <test-method signature="loginApp()[pri:0, instance:com.automation.testcases.T0002_MultiSelection@72cc7e6f]" started-at="2025-02-06T23:05:35 IST" name="loginApp" finished-at="2025-02-06T23:05:37 IST" duration-ms="2853" status="PASS">
          <reporter-output>
          </reporter-output>
        </test-method> <!-- loginApp -->
        <test-method is-config="true" signature="tearDown()[pri:0, instance:com.automation.testcases.T0002_MultiSelection@72cc7e6f]" started-at="2025-02-06T23:05:37 IST" name="tearDown" finished-at="2025-02-06T23:05:39 IST" duration-ms="1502" status="PASS">
          <reporter-output>
          </reporter-output>
        </test-method> <!-- tearDown -->
      </class> <!-- com.automation.testcases.T0002_MultiSelection -->
    </test> <!-- Test -->
  </suite> <!-- Suite -->
</testng-results>
